# JRE version: OpenJDK Runtime Environment (11.0.19+7) (build 11.0.19+7-post-Ubuntu-0ubuntu122.04.1)
# Java VM: OpenJDK 64-Bit Server VM (11.0.19+7-post-Ubuntu-0ubuntu122.04.1, mixed mode, sharing, tiered, compressed oops, g1 gc, linux-amd64)
Heap:
 garbage-first heap   total 65536K, used 17348K [0x00000000c2e00000, 0x0000000100000000)
  region size 1024K, 15 young (15360K), 2 survivors (2048K)
 Metaspace       used 5839K, capacity 6923K, committed 7168K, reserved 1056768K
  class space    used 539K, capacity 712K, committed 768K, reserved 1048576K
GC Heap History (8 events):
Event: 0.696 GC heap before
{Heap before GC invocations=0 (full 0):
 garbage-first heap   total 65536K, used 6856K [0x00000000c2e00000, 0x0000000100000000)
  region size 1024K, 7 young (7168K), 0 survivors (0K)
 Metaspace       used 2116K, capacity 4742K, committed 4864K, reserved 1056768K
  class space    used 181K, capacity 453K, committed 512K, reserved 1048576K
}
Event: 0.711 GC heap after
{Heap after GC invocations=1 (full 0):
 garbage-first heap   total 65536K, used 3445K [0x00000000c2e00000, 0x0000000100000000)
  region size 1024K, 1 young (1024K), 1 survivors (1024K)
 Metaspace       used 2116K, capacity 4742K, committed 4864K, reserved 1056768K
  class space    used 181K, capacity 453K, committed 512K, reserved 1048576K
}
Event: 0.986 GC heap before
{Heap before GC invocations=1 (full 0):
 garbage-first heap   total 65536K, used 7541K [0x00000000c2e00000, 0x0000000100000000)
  region size 1024K, 5 young (5120K), 1 survivors (1024K)
 Metaspace       used 2799K, capacity 4924K, committed 5120K, reserved 1056768K
  class space    used 251K, capacity 472K, committed 512K, reserved 1048576K
}
Event: 1.000 GC heap after
{Heap after GC invocations=2 (full 0):
 garbage-first heap   total 65536K, used 4473K [0x00000000c2e00000, 0x0000000100000000)
  region size 1024K, 1 young (1024K), 1 survivors (1024K)
 Metaspace       used 2799K, capacity 4924K, committed 5120K, reserved 1056768K
  class space    used 251K, capacity 472K, committed 512K, reserved 1048576K
}
Event: 1.276 GC heap before
{Heap before GC invocations=2 (full 0):
 garbage-first heap   total 65536K, used 13689K [0x00000000c2e00000, 0x0000000100000000)
  region size 1024K, 10 young (10240K), 1 survivors (1024K)
 Metaspace       used 3610K, capacity 5340K, committed 5376K, reserved 1056768K
  class space    used 328K, capacity 504K, committed 512K, reserved 1048576K
}
Event: 1.282 GC heap after
{Heap after GC invocations=3 (full 0):
 garbage-first heap   total 65536K, used 5100K [0x00000000c2e00000, 0x0000000100000000)
  region size 1024K, 2 young (2048K), 2 survivors (2048K)
 Metaspace       used 3610K, capacity 5340K, committed 5376K, reserved 1056768K
  class space    used 328K, capacity 504K, committed 512K, reserved 1048576K
}
Event: 1.715 GC heap before
{Heap before GC invocations=3 (full 0):
 garbage-first heap   total 65536K, used 19436K [0x00000000c2e00000, 0x0000000100000000)
  region size 1024K, 16 young (16384K), 2 survivors (2048K)
 Metaspace       used 4660K, capacity 6140K, committed 6272K, reserved 1056768K
  class space    used 425K, capacity 600K, committed 640K, reserved 1048576K
}
Event: 1.725 GC heap after
{Heap after GC invocations=4 (full 0):
 garbage-first heap   total 65536K, used 6084K [0x00000000c2e00000, 0x0000000100000000)
  region size 1024K, 2 young (2048K), 2 survivors (2048K)
 Metaspace       used 4660K, capacity 6140K, committed 6272K, reserved 1056768K
  class space    used 425K, capacity 600K, committed 640K, reserved 1048576K
}

